<?xml version="1.0" encoding="UTF-8" ?>
<testsuite failures="0" time="0.77" errors="0" skipped="0" tests="3" name="com.deleidos.rtws.transport.OpenFdaUrlTransportServiceTest">
  <properties>
    <property name="java.runtime.name" value="Java(TM) SE Runtime Environment"/>
    <property name="sun.boot.library.path" value="C:\Program Files (x86)\Java\jdk1.6.0_30\jre\bin"/>
    <property name="java.vm.version" value="20.5-b03"/>
    <property name="java.vm.vendor" value="Sun Microsystems Inc."/>
    <property name="java.vendor.url" value="http://java.sun.com/"/>
    <property name="path.separator" value=";"/>
    <property name="java.vm.name" value="Java HotSpot(TM) Client VM"/>
    <property name="file.encoding.pkg" value="sun.io"/>
    <property name="user.country" value="US"/>
    <property name="sun.java.launcher" value="SUN_STANDARD"/>
    <property name="sun.os.patch.level" value="Service Pack 1"/>
    <property name="java.vm.specification.name" value="Java Virtual Machine Specification"/>
    <property name="user.dir" value="C:\brunnerdt\prototype-20150626\transport-openfda-url"/>
    <property name="java.runtime.version" value="1.6.0_30-b12"/>
    <property name="java.awt.graphicsenv" value="sun.awt.Win32GraphicsEnvironment"/>
    <property name="basedir" value="C:\brunnerdt\prototype-20150626\transport-openfda-url"/>
    <property name="java.endorsed.dirs" value="C:\Program Files (x86)\Java\jdk1.6.0_30\jre\lib\endorsed"/>
    <property name="os.arch" value="x86"/>
    <property name="surefire.real.class.path" value="C:\brunnerdt\prototype-20150626\transport-openfda-url\target\surefire\surefirebooter8606284277000262063.jar"/>
    <property name="java.io.tmpdir" value="C:\Users\brunnerdt\AppData\Local\Temp\"/>
    <property name="line.separator" value="
"/>
    <property name="java.vm.specification.vendor" value="Sun Microsystems Inc."/>
    <property name="user.variant" value=""/>
    <property name="os.name" value="Windows 7"/>
    <property name="sun.jnu.encoding" value="Cp1252"/>
    <property name="java.library.path" value="C:\Program Files (x86)\Java\jdk1.6.0_30\jre\bin;C:\Windows\Sun\Java\bin;C:\Windows\system32;C:\Windows;C:/Program Files (x86)/Java/jdk1.6.0_30/jre/bin/client;C:/Program Files (x86)/Java/jdk1.6.0_30/jre/bin;C:/Program Files (x86)/Java/jdk1.6.0_30/jre/lib/i386;C:\Windows\system32;C:\Windows;C:\Windows\System32\Wbem;C:\Windows\System32\WindowsPowerShell\v1.0\;C:\Program Files (x86)\QuickTime\QTSystem\;C:\Program Files (x86)\Common Files\Roxio Shared\DLLShared\;C:\Program Files (x86)\Common Files\Roxio Shared\9.0\DLLShared\;C:\Program Files\WIDCOMM\Bluetooth Software\;C:\Program Files\WIDCOMM\Bluetooth Software\syswow64;C:\Apps\cygwin\bin;C:\Apps\apache-maven-3.0.5\bin;C:\Apps\Groovy\Groovy-2.1.3\bin;C:\Program Files\OpenVPN\bin;C:\Program Files (x86)\ActivIdentity\ActivClient\;C:\Program Files\ActivIdentity\ActivClient\;C:\Program Files\Gemalto\Access Client\v5\;C:\Program Files (x86)\Gemalto\Access Client\v5\;C:\Program Files (x86)\Java\jdk1.6.0_30\bin;C:\Program Files\TortoiseSVN\bin;C:\Program Files (x86)\nodejs\;C:\Apps\HashiCorp\Vagrant\bin;C:\Program Files (x86)\Git\cmd;C:\Apps\Ruby193\bin;C:\Ruby193\bin;C:\Users\brunnerdt\AppData\Roaming\npm;C:\Apps\eclipse;;."/>
    <property name="surefire.test.class.path" value="C:\brunnerdt\prototype-20150626\transport-openfda-url\target\test-classes;C:\brunnerdt\prototype-20150626\transport-openfda-url\target\classes;C:\brunnerdt\prototype-20150626\transport-openfda-url\sdk\deleidos-rtws-transport-sdk.jar;C:\brunnerdt\prototype-20150626\transport-openfda-url\sdk\deleidos-rtws-ingest-sdk.jar;C:\Users\brunnerdt\.m2\repository\org\codehaus\jackson\jackson-mapper-asl\1.9.13\jackson-mapper-asl-1.9.13.jar;C:\Users\brunnerdt\.m2\repository\org\codehaus\jackson\jackson-core-asl\1.9.13\jackson-core-asl-1.9.13.jar;C:\Users\brunnerdt\.m2\repository\org\mockito\mockito-all\1.8.5\mockito-all-1.8.5.jar;C:\Users\brunnerdt\.m2\repository\junit\junit\4.8.2\junit-4.8.2.jar;C:\Users\brunnerdt\.m2\repository\log4j\log4j\1.2.17\log4j-1.2.17.jar;C:\Users\brunnerdt\.m2\repository\commons-io\commons-io\2.1\commons-io-2.1.jar;C:\Users\brunnerdt\.m2\repository\org\apache\activemq\activemq-all\5.4.0\activemq-all-5.4.0.jar;"/>
    <property name="java.specification.name" value="Java Platform API Specification"/>
    <property name="java.class.version" value="50.0"/>
    <property name="sun.management.compiler" value="HotSpot Client Compiler"/>
    <property name="os.version" value="6.1"/>
    <property name="user.home" value="C:\Users\brunnerdt"/>
    <property name="user.timezone" value="America/New_York"/>
    <property name="java.awt.printerjob" value="sun.awt.windows.WPrinterJob"/>
    <property name="java.specification.version" value="1.6"/>
    <property name="file.encoding" value="Cp1252"/>
    <property name="user.name" value="BRUNNERDT"/>
    <property name="java.class.path" value="C:\brunnerdt\prototype-20150626\transport-openfda-url\target\test-classes;C:\brunnerdt\prototype-20150626\transport-openfda-url\target\classes;C:\brunnerdt\prototype-20150626\transport-openfda-url\sdk\deleidos-rtws-transport-sdk.jar;C:\brunnerdt\prototype-20150626\transport-openfda-url\sdk\deleidos-rtws-ingest-sdk.jar;C:\Users\brunnerdt\.m2\repository\org\codehaus\jackson\jackson-mapper-asl\1.9.13\jackson-mapper-asl-1.9.13.jar;C:\Users\brunnerdt\.m2\repository\org\codehaus\jackson\jackson-core-asl\1.9.13\jackson-core-asl-1.9.13.jar;C:\Users\brunnerdt\.m2\repository\org\mockito\mockito-all\1.8.5\mockito-all-1.8.5.jar;C:\Users\brunnerdt\.m2\repository\junit\junit\4.8.2\junit-4.8.2.jar;C:\Users\brunnerdt\.m2\repository\log4j\log4j\1.2.17\log4j-1.2.17.jar;C:\Users\brunnerdt\.m2\repository\commons-io\commons-io\2.1\commons-io-2.1.jar;C:\Users\brunnerdt\.m2\repository\org\apache\activemq\activemq-all\5.4.0\activemq-all-5.4.0.jar;"/>
    <property name="java.vm.specification.version" value="1.0"/>
    <property name="sun.arch.data.model" value="32"/>
    <property name="java.home" value="C:\Program Files (x86)\Java\jdk1.6.0_30\jre"/>
    <property name="sun.java.command" value="C:\brunnerdt\prototype-20150626\transport-openfda-url\target\surefire\surefirebooter8606284277000262063.jar C:\brunnerdt\prototype-20150626\transport-openfda-url\target\surefire\surefire7133597276120206716tmp C:\brunnerdt\prototype-20150626\transport-openfda-url\target\surefire\surefire8630382489843232280tmp"/>
    <property name="java.specification.vendor" value="Sun Microsystems Inc."/>
    <property name="user.language" value="en"/>
    <property name="awt.toolkit" value="sun.awt.windows.WToolkit"/>
    <property name="java.vm.info" value="mixed mode, sharing"/>
    <property name="java.version" value="1.6.0_30"/>
    <property name="java.ext.dirs" value="C:\Program Files (x86)\Java\jdk1.6.0_30\jre\lib\ext;C:\Windows\Sun\Java\lib\ext"/>
    <property name="sun.boot.class.path" value="C:\Program Files (x86)\Java\jdk1.6.0_30\jre\lib\resources.jar;C:\Program Files (x86)\Java\jdk1.6.0_30\jre\lib\rt.jar;C:\Program Files (x86)\Java\jdk1.6.0_30\jre\lib\sunrsasign.jar;C:\Program Files (x86)\Java\jdk1.6.0_30\jre\lib\jsse.jar;C:\Program Files (x86)\Java\jdk1.6.0_30\jre\lib\jce.jar;C:\Program Files (x86)\Java\jdk1.6.0_30\jre\lib\charsets.jar;C:\Program Files (x86)\Java\jdk1.6.0_30\jre\lib\modules\jdk.boot.jar;C:\Program Files (x86)\Java\jdk1.6.0_30\jre\classes"/>
    <property name="java.vendor" value="Sun Microsystems Inc."/>
    <property name="localRepository" value="C:\Users\brunnerdt\.m2\repository"/>
    <property name="file.separator" value="\"/>
    <property name="java.vendor.url.bug" value="http://java.sun.com/cgi-bin/bugreport.cgi"/>
    <property name="sun.cpu.endian" value="little"/>
    <property name="sun.io.unicode.encoding" value="UnicodeLittle"/>
    <property name="sun.desktop" value="windows"/>
    <property name="sun.cpu.isalist" value="pentium_pro+mmx pentium_pro pentium+mmx pentium i486 i386 i86"/>
  </properties>
  <testcase time="0.618" classname="com.deleidos.rtws.transport.OpenFdaUrlTransportServiceTest" name="testGetData10Records"/>
  <testcase time="0.098" classname="com.deleidos.rtws.transport.OpenFdaUrlTransportServiceTest" name="testGetData100Records"/>
  <testcase time="0.026" classname="com.deleidos.rtws.transport.OpenFdaUrlTransportServiceTest" name="testGetDataInvalidURL"/>
</testsuite>